<?xml version="1.0" ?>
<coverage branch-rate="0" branches-covered="0" branches-valid="0" complexity="0" line-rate="1" lines-covered="4" lines-valid="4" timestamp="1553200180093" version="4.5.3">
	<!-- Generated by coverage.py: https://coverage.readthedocs.io -->
	<!-- Based on https://raw.githubusercontent.com/cobertura/web/master/htdocs/xml/coverage-04.dtd -->
	<sources>
		<source>C:\Users\Ondra\Desktop\autodevops</source>
	</sources>
	<packages>
		<package branch-rate="0" complexity="0" line-rate="1" name="tests">
			<classes>
				<class branch-rate="0" complexity="0" filename="tests/test_simple.py" line-rate="1" name="test_simple.py">
					<methods/>
					<lines>
						<line hits="1" number="8"/>
						<line hits="1" number="9"/>
						<line hits="1" number="12"/>
						<line hits="1" number="14"/>
					</lines>
				</class>
			</classes>
		</package>
	</packages>
</coverage>
